2025-12-02 23:34:58 [error]: ReplyError: NOAUTH Authentication required.
    at parseError (/app/node_modules/redis-parser/lib/parser.js:179:12)
    at parseType (/app/node_modules/redis-parser/lib/parser.js:302:14)
2025-12-02 23:34:58 [error]: ReplyError: NOAUTH Authentication required.
    at parseError (/app/node_modules/redis-parser/lib/parser.js:179:12)
    at parseType (/app/node_modules/redis-parser/lib/parser.js:302:14)
2025-12-02 23:34:58 [error]: ReplyError: NOAUTH Authentication required.
    at parseError (/app/node_modules/redis-parser/lib/parser.js:179:12)
    at parseType (/app/node_modules/redis-parser/lib/parser.js:302:14)
2025-12-02 23:34:58 [error]: ReplyError: NOAUTH Authentication required.
    at parseError (/app/node_modules/redis-parser/lib/parser.js:179:12)
    at parseType (/app/node_modules/redis-parser/lib/parser.js:302:14)
2025-12-02 23:34:58 [error]: ReplyError: NOAUTH Authentication required.
    at parseError (/app/node_modules/redis-parser/lib/parser.js:179:12)
    at parseType (/app/node_modules/redis-parser/lib/parser.js:302:14)
2025-12-02 23:34:58 [error]: ReplyError: NOAUTH Authentication required.
    at parseError (/app/node_modules/redis-parser/lib/parser.js:179:12)
    at parseType (/app/node_modules/redis-parser/lib/parser.js:302:14)
2025-12-02 23:34:58 [error]: ReplyError: NOAUTH Authentication required.
    at parseError (/app/node_modules/redis-parser/lib/parser.js:179:12)
    at parseType (/app/node_modules/redis-parser/lib/parser.js:302:14)
2025-12-02 23:34:58 [error]: ReplyError: NOAUTH Authentication required.
    at parseError (/app/node_modules/redis-parser/lib/parser.js:179:12)
    at parseType (/app/node_modules/redis-parser/lib/parser.js:302:14)
2025-12-02 23:35:00 [error]: ReplyError: NOAUTH Authentication required.
    at parseError (/app/node_modules/redis-parser/lib/parser.js:179:12)
    at parseType (/app/node_modules/redis-parser/lib/parser.js:302:14)
2025-12-02 23:35:00 [error]: ReplyError: NOAUTH Authentication required.
    at parseError (/app/node_modules/redis-parser/lib/parser.js:179:12)
    at parseType (/app/node_modules/redis-parser/lib/parser.js:302:14)
2025-12-02 23:35:00 [error]: ReplyError: NOAUTH Authentication required.
    at parseError (/app/node_modules/redis-parser/lib/parser.js:179:12)
    at parseType (/app/node_modules/redis-parser/lib/parser.js:302:14)
2025-12-02 23:35:00 [error]: ReplyError: NOAUTH Authentication required.
    at parseError (/app/node_modules/redis-parser/lib/parser.js:179:12)
    at parseType (/app/node_modules/redis-parser/lib/parser.js:302:14)
2025-12-02 23:35:00 [error]: ReplyError: NOAUTH Authentication required.
    at parseError (/app/node_modules/redis-parser/lib/parser.js:179:12)
    at parseType (/app/node_modules/redis-parser/lib/parser.js:302:14)
2025-12-02 23:35:00 [error]: ReplyError: NOAUTH Authentication required.
    at parseError (/app/node_modules/redis-parser/lib/parser.js:179:12)
    at parseType (/app/node_modules/redis-parser/lib/parser.js:302:14)
2025-12-02 23:35:00 [error]: ReplyError: NOAUTH Authentication required.
    at parseError (/app/node_modules/redis-parser/lib/parser.js:179:12)
    at parseType (/app/node_modules/redis-parser/lib/parser.js:302:14)
2025-12-02 23:35:00 [error]: ReplyError: NOAUTH Authentication required.
    at parseError (/app/node_modules/redis-parser/lib/parser.js:179:12)
    at parseType (/app/node_modules/redis-parser/lib/parser.js:302:14)
2025-12-02 23:35:01 [error]: ReplyError: NOAUTH Authentication required.
    at parseError (/app/node_modules/redis-parser/lib/parser.js:179:12)
    at parseType (/app/node_modules/redis-parser/lib/parser.js:302:14)
2025-12-02 23:35:01 [error]: ReplyError: NOAUTH Authentication required.
    at parseError (/app/node_modules/redis-parser/lib/parser.js:179:12)
    at parseType (/app/node_modules/redis-parser/lib/parser.js:302:14)
2025-12-02 23:35:01 [error]: ReplyError: NOAUTH Authentication required.
    at parseError (/app/node_modules/redis-parser/lib/parser.js:179:12)
    at parseType (/app/node_modules/redis-parser/lib/parser.js:302:14)
2025-12-02 23:35:01 [error]: ReplyError: NOAUTH Authentication required.
    at parseError (/app/node_modules/redis-parser/lib/parser.js:179:12)
    at parseType (/app/node_modules/redis-parser/lib/parser.js:302:14)
2025-12-02 23:35:01 [error]: ReplyError: NOAUTH Authentication required.
    at parseError (/app/node_modules/redis-parser/lib/parser.js:179:12)
    at parseType (/app/node_modules/redis-parser/lib/parser.js:302:14)
2025-12-02 23:35:01 [error]: ReplyError: NOAUTH Authentication required.
    at parseError (/app/node_modules/redis-parser/lib/parser.js:179:12)
    at parseType (/app/node_modules/redis-parser/lib/parser.js:302:14)
2025-12-02 23:35:01 [error]: ReplyError: NOAUTH Authentication required.
    at parseError (/app/node_modules/redis-parser/lib/parser.js:179:12)
    at parseType (/app/node_modules/redis-parser/lib/parser.js:302:14)
2025-12-02 23:35:01 [error]: ReplyError: NOAUTH Authentication required.
    at parseError (/app/node_modules/redis-parser/lib/parser.js:179:12)
    at parseType (/app/node_modules/redis-parser/lib/parser.js:302:14)
2025-12-02 23:35:02 [error]: ReplyError: NOAUTH Authentication required.
    at parseError (/app/node_modules/redis-parser/lib/parser.js:179:12)
    at parseType (/app/node_modules/redis-parser/lib/parser.js:302:14)
2025-12-02 23:35:02 [error]: ReplyError: NOAUTH Authentication required.
    at parseError (/app/node_modules/redis-parser/lib/parser.js:179:12)
    at parseType (/app/node_modules/redis-parser/lib/parser.js:302:14)
2025-12-02 23:35:02 [error]: ReplyError: NOAUTH Authentication required.
    at parseError (/app/node_modules/redis-parser/lib/parser.js:179:12)
    at parseType (/app/node_modules/redis-parser/lib/parser.js:302:14)
2025-12-02 23:35:02 [error]: ReplyError: NOAUTH Authentication required.
    at parseError (/app/node_modules/redis-parser/lib/parser.js:179:12)
    at parseType (/app/node_modules/redis-parser/lib/parser.js:302:14)
2025-12-02 23:35:02 [error]: ReplyError: NOAUTH Authentication required.
    at parseError (/app/node_modules/redis-parser/lib/parser.js:179:12)
    at parseType (/app/node_modules/redis-parser/lib/parser.js:302:14)
2025-12-02 23:35:02 [error]: ReplyError: NOAUTH Authentication required.
    at parseError (/app/node_modules/redis-parser/lib/parser.js:179:12)
    at parseType (/app/node_modules/redis-parser/lib/parser.js:302:14)
2025-12-02 23:35:02 [error]: ReplyError: NOAUTH Authentication required.
    at parseError (/app/node_modules/redis-parser/lib/parser.js:179:12)
    at parseType (/app/node_modules/redis-parser/lib/parser.js:302:14)
2025-12-02 23:35:02 [error]: ReplyError: NOAUTH Authentication required.
    at parseError (/app/node_modules/redis-parser/lib/parser.js:179:12)
    at parseType (/app/node_modules/redis-parser/lib/parser.js:302:14)
2025-12-02 23:35:03 [error]: ReplyError: NOAUTH Authentication required.
    at parseError (/app/node_modules/redis-parser/lib/parser.js:179:12)
    at parseType (/app/node_modules/redis-parser/lib/parser.js:302:14)
2025-12-02 23:35:03 [error]: ReplyError: NOAUTH Authentication required.
    at parseError (/app/node_modules/redis-parser/lib/parser.js:179:12)
    at parseType (/app/node_modules/redis-parser/lib/parser.js:302:14)
2025-12-02 23:35:03 [error]: ReplyError: NOAUTH Authentication required.
    at parseError (/app/node_modules/redis-parser/lib/parser.js:179:12)
    at parseType (/app/node_modules/redis-parser/lib/parser.js:302:14)
2025-12-02 23:35:03 [error]: ReplyError: NOAUTH Authentication required.
    at parseError (/app/node_modules/redis-parser/lib/parser.js:179:12)
    at parseType (/app/node_modules/redis-parser/lib/parser.js:302:14)
2025-12-02 23:35:03 [error]: ReplyError: NOAUTH Authentication required.
    at parseError (/app/node_modules/redis-parser/lib/parser.js:179:12)
    at parseType (/app/node_modules/redis-parser/lib/parser.js:302:14)
2025-12-02 23:35:03 [error]: ReplyError: NOAUTH Authentication required.
    at parseError (/app/node_modules/redis-parser/lib/parser.js:179:12)
    at parseType (/app/node_modules/redis-parser/lib/parser.js:302:14)
2025-12-02 23:35:03 [error]: ReplyError: NOAUTH Authentication required.
    at parseError (/app/node_modules/redis-parser/lib/parser.js:179:12)
    at parseType (/app/node_modules/redis-parser/lib/parser.js:302:14)
2025-12-02 23:35:03 [error]: ReplyError: NOAUTH Authentication required.
    at parseError (/app/node_modules/redis-parser/lib/parser.js:179:12)
    at parseType (/app/node_modules/redis-parser/lib/parser.js:302:14)
2025-12-02 23:35:04 [error]: ReplyError: NOAUTH Authentication required.
    at parseError (/app/node_modules/redis-parser/lib/parser.js:179:12)
    at parseType (/app/node_modules/redis-parser/lib/parser.js:302:14)
2025-12-02 23:35:04 [error]: ReplyError: NOAUTH Authentication required.
    at parseError (/app/node_modules/redis-parser/lib/parser.js:179:12)
    at parseType (/app/node_modules/redis-parser/lib/parser.js:302:14)
2025-12-02 23:35:04 [error]: ReplyError: NOAUTH Authentication required.
    at parseError (/app/node_modules/redis-parser/lib/parser.js:179:12)
    at parseType (/app/node_modules/redis-parser/lib/parser.js:302:14)
2025-12-02 23:35:04 [error]: ReplyError: NOAUTH Authentication required.
    at parseError (/app/node_modules/redis-parser/lib/parser.js:179:12)
    at parseType (/app/node_modules/redis-parser/lib/parser.js:302:14)
2025-12-02 23:35:04 [error]: ReplyError: NOAUTH Authentication required.
    at parseError (/app/node_modules/redis-parser/lib/parser.js:179:12)
    at parseType (/app/node_modules/redis-parser/lib/parser.js:302:14)
2025-12-02 23:35:04 [error]: ReplyError: NOAUTH Authentication required.
    at parseError (/app/node_modules/redis-parser/lib/parser.js:179:12)
    at parseType (/app/node_modules/redis-parser/lib/parser.js:302:14)
2025-12-02 23:35:04 [error]: ReplyError: NOAUTH Authentication required.
    at parseError (/app/node_modules/redis-parser/lib/parser.js:179:12)
    at parseType (/app/node_modules/redis-parser/lib/parser.js:302:14)
2025-12-02 23:35:04 [error]: ReplyError: NOAUTH Authentication required.
    at parseError (/app/node_modules/redis-parser/lib/parser.js:179:12)
    at parseType (/app/node_modules/redis-parser/lib/parser.js:302:14)
2025-12-02 23:35:05 [error]: ReplyError: NOAUTH Authentication required.
    at parseError (/app/node_modules/redis-parser/lib/parser.js:179:12)
    at parseType (/app/node_modules/redis-parser/lib/parser.js:302:14)
2025-12-02 23:35:05 [error]: ReplyError: NOAUTH Authentication required.
    at parseError (/app/node_modules/redis-parser/lib/parser.js:179:12)
    at parseType (/app/node_modules/redis-parser/lib/parser.js:302:14)
2025-12-02 23:35:05 [error]: ReplyError: NOAUTH Authentication required.
    at parseError (/app/node_modules/redis-parser/lib/parser.js:179:12)
    at parseType (/app/node_modules/redis-parser/lib/parser.js:302:14)
2025-12-02 23:35:05 [error]: ReplyError: NOAUTH Authentication required.
    at parseError (/app/node_modules/redis-parser/lib/parser.js:179:12)
    at parseType (/app/node_modules/redis-parser/lib/parser.js:302:14)
2025-12-02 23:35:05 [error]: ReplyError: NOAUTH Authentication required.
    at parseError (/app/node_modules/redis-parser/lib/parser.js:179:12)
    at parseType (/app/node_modules/redis-parser/lib/parser.js:302:14)
2025-12-02 23:35:05 [error]: ReplyError: NOAUTH Authentication required.
    at parseError (/app/node_modules/redis-parser/lib/parser.js:179:12)
    at parseType (/app/node_modules/redis-parser/lib/parser.js:302:14)
2025-12-02 23:35:05 [error]: ReplyError: NOAUTH Authentication required.
    at parseError (/app/node_modules/redis-parser/lib/parser.js:179:12)
    at parseType (/app/node_modules/redis-parser/lib/parser.js:302:14)
2025-12-02 23:35:05 [error]: ReplyError: NOAUTH Authentication required.
    at parseError (/app/node_modules/redis-parser/lib/parser.js:179:12)
    at parseType (/app/node_modules/redis-parser/lib/parser.js:302:14)
2025-12-02 23:35:06 [error]: ReplyError: NOAUTH Authentication required.
    at parseError (/app/node_modules/redis-parser/lib/parser.js:179:12)
    at parseType (/app/node_modules/redis-parser/lib/parser.js:302:14)
2025-12-02 23:35:06 [error]: ReplyError: NOAUTH Authentication required.
    at parseError (/app/node_modules/redis-parser/lib/parser.js:179:12)
    at parseType (/app/node_modules/redis-parser/lib/parser.js:302:14)
2025-12-02 23:35:06 [error]: ReplyError: NOAUTH Authentication required.
    at parseError (/app/node_modules/redis-parser/lib/parser.js:179:12)
    at parseType (/app/node_modules/redis-parser/lib/parser.js:302:14)
2025-12-02 23:35:06 [error]: ReplyError: NOAUTH Authentication required.
    at parseError (/app/node_modules/redis-parser/lib/parser.js:179:12)
    at parseType (/app/node_modules/redis-parser/lib/parser.js:302:14)
2025-12-02 23:35:06 [error]: ReplyError: NOAUTH Authentication required.
    at parseError (/app/node_modules/redis-parser/lib/parser.js:179:12)
    at parseType (/app/node_modules/redis-parser/lib/parser.js:302:14)
2025-12-02 23:35:06 [error]: ReplyError: NOAUTH Authentication required.
    at parseError (/app/node_modules/redis-parser/lib/parser.js:179:12)
    at parseType (/app/node_modules/redis-parser/lib/parser.js:302:14)
2025-12-02 23:35:06 [error]: ReplyError: NOAUTH Authentication required.
    at parseError (/app/node_modules/redis-parser/lib/parser.js:179:12)
    at parseType (/app/node_modules/redis-parser/lib/parser.js:302:14)
2025-12-02 23:35:06 [error]: ReplyError: NOAUTH Authentication required.
    at parseError (/app/node_modules/redis-parser/lib/parser.js:179:12)
    at parseType (/app/node_modules/redis-parser/lib/parser.js:302:14)
2025-12-02 23:35:09 [error]: ReplyError: NOAUTH Authentication required.
    at parseError (/app/node_modules/redis-parser/lib/parser.js:179:12)
    at parseType (/app/node_modules/redis-parser/lib/parser.js:302:14)
2025-12-02 23:35:09 [error]: ReplyError: NOAUTH Authentication required.
    at parseError (/app/node_modules/redis-parser/lib/parser.js:179:12)
    at parseType (/app/node_modules/redis-parser/lib/parser.js:302:14)
2025-12-02 23:35:09 [error]: ReplyError: NOAUTH Authentication required.
    at parseError (/app/node_modules/redis-parser/lib/parser.js:179:12)
    at parseType (/app/node_modules/redis-parser/lib/parser.js:302:14)
2025-12-02 23:35:09 [error]: ReplyError: NOAUTH Authentication required.
    at parseError (/app/node_modules/redis-parser/lib/parser.js:179:12)
    at parseType (/app/node_modules/redis-parser/lib/parser.js:302:14)
2025-12-02 23:35:09 [error]: ReplyError: NOAUTH Authentication required.
    at parseError (/app/node_modules/redis-parser/lib/parser.js:179:12)
    at parseType (/app/node_modules/redis-parser/lib/parser.js:302:14)
2025-12-02 23:35:09 [error]: ReplyError: NOAUTH Authentication required.
    at parseError (/app/node_modules/redis-parser/lib/parser.js:179:12)
    at parseType (/app/node_modules/redis-parser/lib/parser.js:302:14)
2025-12-02 23:35:09 [error]: ReplyError: NOAUTH Authentication required.
    at parseError (/app/node_modules/redis-parser/lib/parser.js:179:12)
    at parseType (/app/node_modules/redis-parser/lib/parser.js:302:14)
2025-12-02 23:35:09 [error]: ReplyError: NOAUTH Authentication required.
    at parseError (/app/node_modules/redis-parser/lib/parser.js:179:12)
    at parseType (/app/node_modules/redis-parser/lib/parser.js:302:14)
2025-12-02 23:35:17 [error]: ReplyError: NOAUTH Authentication required.
    at parseError (/app/node_modules/redis-parser/lib/parser.js:179:12)
    at parseType (/app/node_modules/redis-parser/lib/parser.js:302:14)
2025-12-02 23:35:17 [error]: ReplyError: NOAUTH Authentication required.
    at parseError (/app/node_modules/redis-parser/lib/parser.js:179:12)
    at parseType (/app/node_modules/redis-parser/lib/parser.js:302:14)
2025-12-02 23:35:17 [error]: ReplyError: NOAUTH Authentication required.
    at parseError (/app/node_modules/redis-parser/lib/parser.js:179:12)
    at parseType (/app/node_modules/redis-parser/lib/parser.js:302:14)
2025-12-02 23:35:17 [error]: ReplyError: NOAUTH Authentication required.
    at parseError (/app/node_modules/redis-parser/lib/parser.js:179:12)
    at parseType (/app/node_modules/redis-parser/lib/parser.js:302:14)
2025-12-02 23:35:17 [error]: ReplyError: NOAUTH Authentication required.
    at parseError (/app/node_modules/redis-parser/lib/parser.js:179:12)
    at parseType (/app/node_modules/redis-parser/lib/parser.js:302:14)
2025-12-02 23:35:17 [error]: ReplyError: NOAUTH Authentication required.
    at parseError (/app/node_modules/redis-parser/lib/parser.js:179:12)
    at parseType (/app/node_modules/redis-parser/lib/parser.js:302:14)
2025-12-02 23:35:17 [error]: ReplyError: NOAUTH Authentication required.
    at parseError (/app/node_modules/redis-parser/lib/parser.js:179:12)
    at parseType (/app/node_modules/redis-parser/lib/parser.js:302:14)
2025-12-02 23:35:17 [error]: ReplyError: NOAUTH Authentication required.
    at parseError (/app/node_modules/redis-parser/lib/parser.js:179:12)
    at parseType (/app/node_modules/redis-parser/lib/parser.js:302:14)
2025-12-02 23:35:37 [error]: ReplyError: NOAUTH Authentication required.
    at parseError (/app/node_modules/redis-parser/lib/parser.js:179:12)
    at parseType (/app/node_modules/redis-parser/lib/parser.js:302:14)
2025-12-02 23:35:37 [error]: ReplyError: NOAUTH Authentication required.
    at parseError (/app/node_modules/redis-parser/lib/parser.js:179:12)
    at parseType (/app/node_modules/redis-parser/lib/parser.js:302:14)
2025-12-02 23:35:37 [error]: ReplyError: NOAUTH Authentication required.
    at parseError (/app/node_modules/redis-parser/lib/parser.js:179:12)
    at parseType (/app/node_modules/redis-parser/lib/parser.js:302:14)
2025-12-02 23:35:37 [error]: ReplyError: NOAUTH Authentication required.
    at parseError (/app/node_modules/redis-parser/lib/parser.js:179:12)
    at parseType (/app/node_modules/redis-parser/lib/parser.js:302:14)
2025-12-02 23:35:37 [error]: ReplyError: NOAUTH Authentication required.
    at parseError (/app/node_modules/redis-parser/lib/parser.js:179:12)
    at parseType (/app/node_modules/redis-parser/lib/parser.js:302:14)
2025-12-02 23:35:37 [error]: ReplyError: NOAUTH Authentication required.
    at parseError (/app/node_modules/redis-parser/lib/parser.js:179:12)
    at parseType (/app/node_modules/redis-parser/lib/parser.js:302:14)
2025-12-02 23:35:37 [error]: ReplyError: NOAUTH Authentication required.
    at parseError (/app/node_modules/redis-parser/lib/parser.js:179:12)
    at parseType (/app/node_modules/redis-parser/lib/parser.js:302:14)
2025-12-02 23:35:37 [error]: ReplyError: NOAUTH Authentication required.
    at parseError (/app/node_modules/redis-parser/lib/parser.js:179:12)
    at parseType (/app/node_modules/redis-parser/lib/parser.js:302:14)
2025-12-02 23:35:57 [error]: ReplyError: NOAUTH Authentication required.
    at parseError (/app/node_modules/redis-parser/lib/parser.js:179:12)
    at parseType (/app/node_modules/redis-parser/lib/parser.js:302:14)
2025-12-02 23:35:57 [error]: ReplyError: NOAUTH Authentication required.
    at parseError (/app/node_modules/redis-parser/lib/parser.js:179:12)
    at parseType (/app/node_modules/redis-parser/lib/parser.js:302:14)
2025-12-02 23:35:57 [error]: ReplyError: NOAUTH Authentication required.
    at parseError (/app/node_modules/redis-parser/lib/parser.js:179:12)
    at parseType (/app/node_modules/redis-parser/lib/parser.js:302:14)
2025-12-02 23:35:57 [error]: ReplyError: NOAUTH Authentication required.
    at parseError (/app/node_modules/redis-parser/lib/parser.js:179:12)
    at parseType (/app/node_modules/redis-parser/lib/parser.js:302:14)
2025-12-02 23:35:57 [error]: ReplyError: NOAUTH Authentication required.
    at parseError (/app/node_modules/redis-parser/lib/parser.js:179:12)
    at parseType (/app/node_modules/redis-parser/lib/parser.js:302:14)
2025-12-02 23:35:57 [error]: ReplyError: NOAUTH Authentication required.
    at parseError (/app/node_modules/redis-parser/lib/parser.js:179:12)
    at parseType (/app/node_modules/redis-parser/lib/parser.js:302:14)
2025-12-02 23:35:57 [error]: ReplyError: NOAUTH Authentication required.
    at parseError (/app/node_modules/redis-parser/lib/parser.js:179:12)
    at parseType (/app/node_modules/redis-parser/lib/parser.js:302:14)
2025-12-02 23:35:57 [error]: ReplyError: NOAUTH Authentication required.
    at parseError (/app/node_modules/redis-parser/lib/parser.js:179:12)
    at parseType (/app/node_modules/redis-parser/lib/parser.js:302:14)
2025-12-02 23:36:17 [error]: ReplyError: NOAUTH Authentication required.
    at parseError (/app/node_modules/redis-parser/lib/parser.js:179:12)
    at parseType (/app/node_modules/redis-parser/lib/parser.js:302:14)
2025-12-02 23:36:17 [error]: ReplyError: NOAUTH Authentication required.
    at parseError (/app/node_modules/redis-parser/lib/parser.js:179:12)
    at parseType (/app/node_modules/redis-parser/lib/parser.js:302:14)
2025-12-02 23:36:17 [error]: ReplyError: NOAUTH Authentication required.
    at parseError (/app/node_modules/redis-parser/lib/parser.js:179:12)
    at parseType (/app/node_modules/redis-parser/lib/parser.js:302:14)
2025-12-02 23:36:17 [error]: ReplyError: NOAUTH Authentication required.
    at parseError (/app/node_modules/redis-parser/lib/parser.js:179:12)
    at parseType (/app/node_modules/redis-parser/lib/parser.js:302:14)
2025-12-02 23:36:17 [error]: ReplyError: NOAUTH Authentication required.
    at parseError (/app/node_modules/redis-parser/lib/parser.js:179:12)
    at parseType (/app/node_modules/redis-parser/lib/parser.js:302:14)
2025-12-02 23:36:17 [error]: ReplyError: NOAUTH Authentication required.
    at parseError (/app/node_modules/redis-parser/lib/parser.js:179:12)
    at parseType (/app/node_modules/redis-parser/lib/parser.js:302:14)
2025-12-02 23:36:17 [error]: ReplyError: NOAUTH Authentication required.
    at parseError (/app/node_modules/redis-parser/lib/parser.js:179:12)
    at parseType (/app/node_modules/redis-parser/lib/parser.js:302:14)
2025-12-02 23:36:17 [error]: ReplyError: NOAUTH Authentication required.
    at parseError (/app/node_modules/redis-parser/lib/parser.js:179:12)
    at parseType (/app/node_modules/redis-parser/lib/parser.js:302:14)
2025-12-03 15:07:19 [error]: Error: Product not found
    at ProductService.getProductById (/app/src/modules/products/product.service.ts:192:13)
    at async getProductAdmin (/app/src/modules/products/product.controller.ts:140:21)
2025-12-03 15:07:19 [error]: Error: Product not found
    at ProductService.getProductById (/app/src/modules/products/product.service.ts:192:13)
    at async getProductAdmin (/app/src/modules/products/product.controller.ts:140:21)
2025-12-03 17:24:01 [error]: Error: write EPIPE
    at afterWriteDispatched (node:internal/stream_base_commons:161:15)
    at writeGeneric (node:internal/stream_base_commons:152:3)
    at Socket._writeGeneric (node:net:958:11)
    at Socket._write (node:net:970:8)
    at writeOrBuffer (node:internal/streams/writable:572:12)
    at _write (node:internal/streams/writable:501:10)
    at Writable.write (node:internal/streams/writable:510:10)
    at Console.log (/app/node_modules/winston/lib/winston/transports/console.js:87:23)
    at Console._write (/app/node_modules/winston-transport/modern.js:103:17)
    at doWrite (/app/node_modules/winston-transport/node_modules/readable-stream/lib/_stream_writable.js:390:139)
2025-12-04 16:44:43 [error]: Error: connect ETIMEDOUT
    at Socket.<anonymous> (/app/node_modules/ioredis/built/Redis.js:171:41)
    at Object.onceWrapper (node:events:638:28)
    at Socket.emit (node:events:524:28)
    at Socket._onTimeout (node:net:595:8)
    at listOnTimeout (node:internal/timers:581:17)
    at process.processTimers (node:internal/timers:519:7)
2025-12-04 16:44:43 [error]: Error: connect ETIMEDOUT
    at Socket.<anonymous> (/app/node_modules/ioredis/built/Redis.js:171:41)
    at Object.onceWrapper (node:events:638:28)
    at Socket.emit (node:events:524:28)
    at Socket._onTimeout (node:net:595:8)
    at listOnTimeout (node:internal/timers:581:17)
    at process.processTimers (node:internal/timers:519:7)
2025-12-04 16:44:43 [error]: Error: connect ETIMEDOUT
    at Socket.<anonymous> (/app/node_modules/ioredis/built/Redis.js:171:41)
    at Object.onceWrapper (node:events:638:28)
    at Socket.emit (node:events:524:28)
    at Socket._onTimeout (node:net:595:8)
    at listOnTimeout (node:internal/timers:581:17)
    at process.processTimers (node:internal/timers:519:7)
2025-12-04 16:44:43 [error]: Error: connect ETIMEDOUT
    at Socket.<anonymous> (/app/node_modules/ioredis/built/Redis.js:171:41)
    at Object.onceWrapper (node:events:638:28)
    at Socket.emit (node:events:524:28)
    at Socket._onTimeout (node:net:595:8)
    at listOnTimeout (node:internal/timers:581:17)
    at process.processTimers (node:internal/timers:519:7)
2025-12-04 16:44:54 [error]: Error: connect ETIMEDOUT
    at Socket.<anonymous> (/app/node_modules/ioredis/built/Redis.js:171:41)
    at Object.onceWrapper (node:events:638:28)
    at Socket.emit (node:events:524:28)
    at Socket._onTimeout (node:net:595:8)
    at listOnTimeout (node:internal/timers:581:17)
    at process.processTimers (node:internal/timers:519:7)
2025-12-04 16:44:54 [error]: Error: connect ETIMEDOUT
    at Socket.<anonymous> (/app/node_modules/ioredis/built/Redis.js:171:41)
    at Object.onceWrapper (node:events:638:28)
    at Socket.emit (node:events:524:28)
    at Socket._onTimeout (node:net:595:8)
    at listOnTimeout (node:internal/timers:581:17)
    at process.processTimers (node:internal/timers:519:7)
2025-12-04 16:44:54 [error]: Error: connect ETIMEDOUT
    at Socket.<anonymous> (/app/node_modules/ioredis/built/Redis.js:171:41)
    at Object.onceWrapper (node:events:638:28)
    at Socket.emit (node:events:524:28)
    at Socket._onTimeout (node:net:595:8)
    at listOnTimeout (node:internal/timers:581:17)
    at process.processTimers (node:internal/timers:519:7)
2025-12-04 16:44:54 [error]: Error: connect ETIMEDOUT
    at Socket.<anonymous> (/app/node_modules/ioredis/built/Redis.js:171:41)
    at Object.onceWrapper (node:events:638:28)
    at Socket.emit (node:events:524:28)
    at Socket._onTimeout (node:net:595:8)
    at listOnTimeout (node:internal/timers:581:17)
    at process.processTimers (node:internal/timers:519:7)
2025-12-04 16:45:05 [error]: Error: connect ETIMEDOUT
    at Socket.<anonymous> (/app/node_modules/ioredis/built/Redis.js:171:41)
    at Object.onceWrapper (node:events:638:28)
    at Socket.emit (node:events:524:28)
    at Socket._onTimeout (node:net:595:8)
    at listOnTimeout (node:internal/timers:581:17)
    at process.processTimers (node:internal/timers:519:7)
2025-12-04 16:45:05 [error]: Error: connect ETIMEDOUT
    at Socket.<anonymous> (/app/node_modules/ioredis/built/Redis.js:171:41)
    at Object.onceWrapper (node:events:638:28)
    at Socket.emit (node:events:524:28)
    at Socket._onTimeout (node:net:595:8)
    at listOnTimeout (node:internal/timers:581:17)
    at process.processTimers (node:internal/timers:519:7)
2025-12-04 16:45:05 [error]: Error: connect ETIMEDOUT
    at Socket.<anonymous> (/app/node_modules/ioredis/built/Redis.js:171:41)
    at Object.onceWrapper (node:events:638:28)
    at Socket.emit (node:events:524:28)
    at Socket._onTimeout (node:net:595:8)
    at listOnTimeout (node:internal/timers:581:17)
    at process.processTimers (node:internal/timers:519:7)
2025-12-04 16:45:05 [error]: Error: connect ETIMEDOUT
    at Socket.<anonymous> (/app/node_modules/ioredis/built/Redis.js:171:41)
    at Object.onceWrapper (node:events:638:28)
    at Socket.emit (node:events:524:28)
    at Socket._onTimeout (node:net:595:8)
    at listOnTimeout (node:internal/timers:581:17)
    at process.processTimers (node:internal/timers:519:7)
2025-12-04 16:45:16 [error]: Error: connect ETIMEDOUT
    at Socket.<anonymous> (/app/node_modules/ioredis/built/Redis.js:171:41)
    at Object.onceWrapper (node:events:638:28)
    at Socket.emit (node:events:524:28)
    at Socket._onTimeout (node:net:595:8)
    at listOnTimeout (node:internal/timers:581:17)
    at process.processTimers (node:internal/timers:519:7)
2025-12-04 16:45:16 [error]: Error: connect ETIMEDOUT
    at Socket.<anonymous> (/app/node_modules/ioredis/built/Redis.js:171:41)
    at Object.onceWrapper (node:events:638:28)
    at Socket.emit (node:events:524:28)
    at Socket._onTimeout (node:net:595:8)
    at listOnTimeout (node:internal/timers:581:17)
    at process.processTimers (node:internal/timers:519:7)
2025-12-04 16:45:16 [error]: Error: connect ETIMEDOUT
    at Socket.<anonymous> (/app/node_modules/ioredis/built/Redis.js:171:41)
    at Object.onceWrapper (node:events:638:28)
    at Socket.emit (node:events:524:28)
    at Socket._onTimeout (node:net:595:8)
    at listOnTimeout (node:internal/timers:581:17)
    at process.processTimers (node:internal/timers:519:7)
2025-12-04 16:45:16 [error]: Error: connect ETIMEDOUT
    at Socket.<anonymous> (/app/node_modules/ioredis/built/Redis.js:171:41)
    at Object.onceWrapper (node:events:638:28)
    at Socket.emit (node:events:524:28)
    at Socket._onTimeout (node:net:595:8)
    at listOnTimeout (node:internal/timers:581:17)
    at process.processTimers (node:internal/timers:519:7)
2025-12-04 16:45:27 [error]: Error: connect ETIMEDOUT
    at Socket.<anonymous> (/app/node_modules/ioredis/built/Redis.js:171:41)
    at Object.onceWrapper (node:events:638:28)
    at Socket.emit (node:events:524:28)
    at Socket._onTimeout (node:net:595:8)
    at listOnTimeout (node:internal/timers:581:17)
    at process.processTimers (node:internal/timers:519:7)
2025-12-04 16:45:27 [error]: Error: connect ETIMEDOUT
    at Socket.<anonymous> (/app/node_modules/ioredis/built/Redis.js:171:41)
    at Object.onceWrapper (node:events:638:28)
    at Socket.emit (node:events:524:28)
    at Socket._onTimeout (node:net:595:8)
    at listOnTimeout (node:internal/timers:581:17)
    at process.processTimers (node:internal/timers:519:7)
2025-12-04 16:45:27 [error]: Error: connect ETIMEDOUT
    at Socket.<anonymous> (/app/node_modules/ioredis/built/Redis.js:171:41)
    at Object.onceWrapper (node:events:638:28)
    at Socket.emit (node:events:524:28)
    at Socket._onTimeout (node:net:595:8)
    at listOnTimeout (node:internal/timers:581:17)
    at process.processTimers (node:internal/timers:519:7)
2025-12-04 16:45:27 [error]: Error: connect ETIMEDOUT
    at Socket.<anonymous> (/app/node_modules/ioredis/built/Redis.js:171:41)
    at Object.onceWrapper (node:events:638:28)
    at Socket.emit (node:events:524:28)
    at Socket._onTimeout (node:net:595:8)
    at listOnTimeout (node:internal/timers:581:17)
    at process.processTimers (node:internal/timers:519:7)
2025-12-04 16:45:38 [error]: Error: connect ETIMEDOUT
    at Socket.<anonymous> (/app/node_modules/ioredis/built/Redis.js:171:41)
    at Object.onceWrapper (node:events:638:28)
    at Socket.emit (node:events:524:28)
    at Socket._onTimeout (node:net:595:8)
    at listOnTimeout (node:internal/timers:581:17)
    at process.processTimers (node:internal/timers:519:7)
2025-12-04 16:45:38 [error]: Error: connect ETIMEDOUT
    at Socket.<anonymous> (/app/node_modules/ioredis/built/Redis.js:171:41)
    at Object.onceWrapper (node:events:638:28)
    at Socket.emit (node:events:524:28)
    at Socket._onTimeout (node:net:595:8)
    at listOnTimeout (node:internal/timers:581:17)
    at process.processTimers (node:internal/timers:519:7)
2025-12-04 16:45:38 [error]: Error: connect ETIMEDOUT
    at Socket.<anonymous> (/app/node_modules/ioredis/built/Redis.js:171:41)
    at Object.onceWrapper (node:events:638:28)
    at Socket.emit (node:events:524:28)
    at Socket._onTimeout (node:net:595:8)
    at listOnTimeout (node:internal/timers:581:17)
    at process.processTimers (node:internal/timers:519:7)
2025-12-04 16:45:38 [error]: Error: connect ETIMEDOUT
    at Socket.<anonymous> (/app/node_modules/ioredis/built/Redis.js:171:41)
    at Object.onceWrapper (node:events:638:28)
    at Socket.emit (node:events:524:28)
    at Socket._onTimeout (node:net:595:8)
    at listOnTimeout (node:internal/timers:581:17)
    at process.processTimers (node:internal/timers:519:7)
2025-12-04 16:45:49 [error]: Error: connect ETIMEDOUT
    at Socket.<anonymous> (/app/node_modules/ioredis/built/Redis.js:171:41)
    at Object.onceWrapper (node:events:638:28)
    at Socket.emit (node:events:524:28)
    at Socket._onTimeout (node:net:595:8)
    at listOnTimeout (node:internal/timers:581:17)
    at process.processTimers (node:internal/timers:519:7)
2025-12-04 16:45:49 [error]: Error: connect ETIMEDOUT
    at Socket.<anonymous> (/app/node_modules/ioredis/built/Redis.js:171:41)
    at Object.onceWrapper (node:events:638:28)
    at Socket.emit (node:events:524:28)
    at Socket._onTimeout (node:net:595:8)
    at listOnTimeout (node:internal/timers:581:17)
    at process.processTimers (node:internal/timers:519:7)
2025-12-04 16:45:49 [error]: Error: connect ETIMEDOUT
    at Socket.<anonymous> (/app/node_modules/ioredis/built/Redis.js:171:41)
    at Object.onceWrapper (node:events:638:28)
    at Socket.emit (node:events:524:28)
    at Socket._onTimeout (node:net:595:8)
    at listOnTimeout (node:internal/timers:581:17)
    at process.processTimers (node:internal/timers:519:7)
2025-12-04 16:45:49 [error]: Error: connect ETIMEDOUT
    at Socket.<anonymous> (/app/node_modules/ioredis/built/Redis.js:171:41)
    at Object.onceWrapper (node:events:638:28)
    at Socket.emit (node:events:524:28)
    at Socket._onTimeout (node:net:595:8)
    at listOnTimeout (node:internal/timers:581:17)
    at process.processTimers (node:internal/timers:519:7)
2025-12-04 16:46:02 [error]: Error: connect ETIMEDOUT
    at Socket.<anonymous> (/app/node_modules/ioredis/built/Redis.js:171:41)
    at Object.onceWrapper (node:events:638:28)
    at Socket.emit (node:events:524:28)
    at Socket._onTimeout (node:net:595:8)
    at listOnTimeout (node:internal/timers:581:17)
    at process.processTimers (node:internal/timers:519:7)
2025-12-04 16:46:02 [error]: Error: connect ETIMEDOUT
    at Socket.<anonymous> (/app/node_modules/ioredis/built/Redis.js:171:41)
    at Object.onceWrapper (node:events:638:28)
    at Socket.emit (node:events:524:28)
    at Socket._onTimeout (node:net:595:8)
    at listOnTimeout (node:internal/timers:581:17)
    at process.processTimers (node:internal/timers:519:7)
2025-12-04 16:46:02 [error]: Error: connect ETIMEDOUT
    at Socket.<anonymous> (/app/node_modules/ioredis/built/Redis.js:171:41)
    at Object.onceWrapper (node:events:638:28)
    at Socket.emit (node:events:524:28)
    at Socket._onTimeout (node:net:595:8)
    at listOnTimeout (node:internal/timers:581:17)
    at process.processTimers (node:internal/timers:519:7)
2025-12-04 16:46:02 [error]: Error: connect ETIMEDOUT
    at Socket.<anonymous> (/app/node_modules/ioredis/built/Redis.js:171:41)
    at Object.onceWrapper (node:events:638:28)
    at Socket.emit (node:events:524:28)
    at Socket._onTimeout (node:net:595:8)
    at listOnTimeout (node:internal/timers:581:17)
    at process.processTimers (node:internal/timers:519:7)
2025-12-04 16:46:20 [error]: Error: connect ETIMEDOUT
    at Socket.<anonymous> (/app/node_modules/ioredis/built/Redis.js:171:41)
    at Object.onceWrapper (node:events:638:28)
    at Socket.emit (node:events:524:28)
    at Socket._onTimeout (node:net:595:8)
    at listOnTimeout (node:internal/timers:581:17)
    at process.processTimers (node:internal/timers:519:7)
2025-12-04 16:46:20 [error]: Error: connect ETIMEDOUT
    at Socket.<anonymous> (/app/node_modules/ioredis/built/Redis.js:171:41)
    at Object.onceWrapper (node:events:638:28)
    at Socket.emit (node:events:524:28)
    at Socket._onTimeout (node:net:595:8)
    at listOnTimeout (node:internal/timers:581:17)
    at process.processTimers (node:internal/timers:519:7)
2025-12-04 16:46:20 [error]: Error: connect ETIMEDOUT
    at Socket.<anonymous> (/app/node_modules/ioredis/built/Redis.js:171:41)
    at Object.onceWrapper (node:events:638:28)
    at Socket.emit (node:events:524:28)
    at Socket._onTimeout (node:net:595:8)
    at listOnTimeout (node:internal/timers:581:17)
    at process.processTimers (node:internal/timers:519:7)
2025-12-04 16:46:20 [error]: Error: connect ETIMEDOUT
    at Socket.<anonymous> (/app/node_modules/ioredis/built/Redis.js:171:41)
    at Object.onceWrapper (node:events:638:28)
    at Socket.emit (node:events:524:28)
    at Socket._onTimeout (node:net:595:8)
    at listOnTimeout (node:internal/timers:581:17)
    at process.processTimers (node:internal/timers:519:7)
2025-12-04 16:46:39 [error]: Error: write EPIPE
    at afterWriteDispatched (node:internal/stream_base_commons:161:15)
    at writeGeneric (node:internal/stream_base_commons:152:3)
    at Socket._writeGeneric (node:net:958:11)
    at Socket._write (node:net:970:8)
    at writeOrBuffer (node:internal/streams/writable:572:12)
    at _write (node:internal/streams/writable:501:10)
    at Writable.write (node:internal/streams/writable:510:10)
    at Console.log (/app/node_modules/winston/lib/winston/transports/console.js:87:23)
    at Console._write (/app/node_modules/winston-transport/modern.js:103:17)
    at doWrite (/app/node_modules/winston-transport/node_modules/readable-stream/lib/_stream_writable.js:390:139)
